<?xml version="1.0" encoding="UTF-8"?>
<!-- Generated by org.testng.reporters.JUnitXMLReporter -->
<testsuite ignored="0" hostname="Laptop-10226" failures="0" tests="3" name="Test" time="177.07" errors="0" timestamp="2023-05-27T10:11:28 IST">
  <testcase classname="Scripts.Repeat_Shopper_flow" name="Repeat_flow" time="36.295"/>
  <testcase classname="Scripts.Repeat_Shopper_flow" name="merchant" time="43.286"/>
  <testcase classname="Scripts.Repeat_Shopper_flow" name="Admin" time="29.037"/>
</testsuite> <!-- Test -->
