<?xml version="1.0" encoding="UTF-8"?>
<!-- Generated by org.testng.reporters.JUnitXMLReporter -->
<testsuite ignored="2" hostname="Laptop-10226" failures="0" tests="1" name="Safexpay Testing" time="49.541" errors="0" timestamp="2023-05-26T15:31:46 IST">
  <testcase classname="Scripts.Shopper_flow" name="shoppage" time="40.598"/>
  <testcase classname="Scripts.Shopper_flow" name="Admin" time="0.0">
    <ignored/>
  </testcase> <!-- Admin -->
  <testcase classname="Scripts.Shopper_flow" name="merchant" time="0.0">
    <ignored/>
  </testcase> <!-- merchant -->
</testsuite> <!-- Safexpay Testing -->
